[2022-07-0521:45:08] [ ERROR] [GlobalExceptionHandler:17] Failed to convert value of type 'java.lang.String' to required type 'java.lang.Long'; nested exception is java.lang.NumberFormatException: For input string: "p"
[2022-07-07 22:58:22] [ ERROR] [GlobalExceptionHandler:17] JSON parse error: Cannot deserialize value of type `com.TFI.ClinicaOdontologica.entidades.TurnoDTO` from Array value (token `JsonToken.START_ARRAY`); nested exception is com.fasterxml.jackson.databind.exc.MismatchedInputException: Cannot deserialize value of type `com.TFI.ClinicaOdontologica.entidades.TurnoDTO` from Array value (token `JsonToken.START_ARRAY`)
 at [Source: (org.springframework.util.StreamUtils$NonClosingInputStream); line: 1, column: 1]
[2022-07-07 23:04:23] [ ERROR] [GlobalExceptionHandler:17] JSON parse error: Cannot deserialize value of type `com.TFI.ClinicaOdontologica.entidades.TurnoDTO` from Array value (token `JsonToken.START_ARRAY`); nested exception is com.fasterxml.jackson.databind.exc.MismatchedInputException: Cannot deserialize value of type `com.TFI.ClinicaOdontologica.entidades.TurnoDTO` from Array value (token `JsonToken.START_ARRAY`)
 at [Source: (org.springframework.util.StreamUtils$NonClosingInputStream); line: 1, column: 1]
[2022-07-07 23:05:48] [ ERROR] [GlobalExceptionHandler:17] JSON parse error: Cannot deserialize value of type `com.TFI.ClinicaOdontologica.entidades.TurnoDTO` from Array value (token `JsonToken.START_ARRAY`); nested exception is com.fasterxml.jackson.databind.exc.MismatchedInputException: Cannot deserialize value of type `com.TFI.ClinicaOdontologica.entidades.TurnoDTO` from Array value (token `JsonToken.START_ARRAY`)
 at [Source: (org.springframework.util.StreamUtils$NonClosingInputStream); line: 1, column: 1]
[2022-07-07 23:06:33] [ ERROR] [GlobalExceptionHandler:17] JSON parse error: Cannot deserialize value of type `com.TFI.ClinicaOdontologica.entidades.TurnoDTO` from Array value (token `JsonToken.START_ARRAY`); nested exception is com.fasterxml.jackson.databind.exc.MismatchedInputException: Cannot deserialize value of type `com.TFI.ClinicaOdontologica.entidades.TurnoDTO` from Array value (token `JsonToken.START_ARRAY`)
 at [Source: (org.springframework.util.StreamUtils$NonClosingInputStream); line: 1, column: 1]
[2022-07-07 23:06:52] [ ERROR] [GlobalExceptionHandler:17] JSON parse error: Cannot deserialize value of type `com.TFI.ClinicaOdontologica.entidades.TurnoDTO` from Array value (token `JsonToken.START_ARRAY`); nested exception is com.fasterxml.jackson.databind.exc.MismatchedInputException: Cannot deserialize value of type `com.TFI.ClinicaOdontologica.entidades.TurnoDTO` from Array value (token `JsonToken.START_ARRAY`)
 at [Source: (org.springframework.util.StreamUtils$NonClosingInputStream); line: 1, column: 1]
[2022-07-07 23:08:39] [ ERROR] [GlobalExceptionHandler:17] JSON parse error: Cannot deserialize value of type `com.TFI.ClinicaOdontologica.entidades.TurnoDTO` from Array value (token `JsonToken.START_ARRAY`); nested exception is com.fasterxml.jackson.databind.exc.MismatchedInputException: Cannot deserialize value of type `com.TFI.ClinicaOdontologica.entidades.TurnoDTO` from Array value (token `JsonToken.START_ARRAY`)
 at [Source: (org.springframework.util.StreamUtils$NonClosingInputStream); line: 1, column: 1]
[2022-07-07 23:09:02] [ ERROR] [GlobalExceptionHandler:17] JSON parse error: Cannot deserialize value of type `com.TFI.ClinicaOdontologica.entidades.TurnoDTO` from Array value (token `JsonToken.START_ARRAY`); nested exception is com.fasterxml.jackson.databind.exc.MismatchedInputException: Cannot deserialize value of type `com.TFI.ClinicaOdontologica.entidades.TurnoDTO` from Array value (token `JsonToken.START_ARRAY`)
 at [Source: (org.springframework.util.StreamUtils$NonClosingInputStream); line: 1, column: 1]
[2022-07-07 23:10:13] [ ERROR] [GlobalExceptionHandler:17] JSON parse error: Cannot deserialize value of type `com.TFI.ClinicaOdontologica.entidades.TurnoDTO` from Array value (token `JsonToken.START_ARRAY`); nested exception is com.fasterxml.jackson.databind.exc.MismatchedInputException: Cannot deserialize value of type `com.TFI.ClinicaOdontologica.entidades.TurnoDTO` from Array value (token `JsonToken.START_ARRAY`)
 at [Source: (org.springframework.util.StreamUtils$NonClosingInputStream); line: 1, column: 1]
[2022-07-07 23:15:07] [ ERROR] [GlobalExceptionHandler:17] JSON parse error: Cannot deserialize value of type `com.TFI.ClinicaOdontologica.entidades.TurnoDTO` from Array value (token `JsonToken.START_ARRAY`); nested exception is com.fasterxml.jackson.databind.exc.MismatchedInputException: Cannot deserialize value of type `com.TFI.ClinicaOdontologica.entidades.TurnoDTO` from Array value (token `JsonToken.START_ARRAY`)
 at [Source: (org.springframework.util.StreamUtils$NonClosingInputStream); line: 1, column: 1]
[2022-07-07 23:15:40] [ ERROR] [GlobalExceptionHandler:17] JSON parse error: Cannot deserialize value of type `com.TFI.ClinicaOdontologica.entidades.TurnoDTO` from Array value (token `JsonToken.START_ARRAY`); nested exception is com.fasterxml.jackson.databind.exc.MismatchedInputException: Cannot deserialize value of type `com.TFI.ClinicaOdontologica.entidades.TurnoDTO` from Array value (token `JsonToken.START_ARRAY`)
 at [Source: (org.springframework.util.StreamUtils$NonClosingInputStream); line: 1, column: 1]
[2022-07-07 23:16:03] [ ERROR] [GlobalExceptionHandler:17] JSON parse error: Cannot deserialize value of type `com.TFI.ClinicaOdontologica.entidades.TurnoDTO` from Array value (token `JsonToken.START_ARRAY`); nested exception is com.fasterxml.jackson.databind.exc.MismatchedInputException: Cannot deserialize value of type `com.TFI.ClinicaOdontologica.entidades.TurnoDTO` from Array value (token `JsonToken.START_ARRAY`)
 at [Source: (org.springframework.util.StreamUtils$NonClosingInputStream); line: 1, column: 1]
[2022-07-07 23:16:04] [ ERROR] [GlobalExceptionHandler:17] JSON parse error: Cannot deserialize value of type `com.TFI.ClinicaOdontologica.entidades.TurnoDTO` from Array value (token `JsonToken.START_ARRAY`); nested exception is com.fasterxml.jackson.databind.exc.MismatchedInputException: Cannot deserialize value of type `com.TFI.ClinicaOdontologica.entidades.TurnoDTO` from Array value (token `JsonToken.START_ARRAY`)
 at [Source: (org.springframework.util.StreamUtils$NonClosingInputStream); line: 1, column: 1]
[2022-07-07 23:18:18] [ ERROR] [GlobalExceptionHandler:17] JSON parse error: Cannot deserialize value of type `com.TFI.ClinicaOdontologica.entidades.TurnoDTO` from Array value (token `JsonToken.START_ARRAY`); nested exception is com.fasterxml.jackson.databind.exc.MismatchedInputException: Cannot deserialize value of type `com.TFI.ClinicaOdontologica.entidades.TurnoDTO` from Array value (token `JsonToken.START_ARRAY`)
 at [Source: (org.springframework.util.StreamUtils$NonClosingInputStream); line: 1, column: 1]
[2022-07-07 23:18:28] [ ERROR] [GlobalExceptionHandler:17] JSON parse error: Cannot deserialize value of type `com.TFI.ClinicaOdontologica.entidades.TurnoDTO` from Array value (token `JsonToken.START_ARRAY`); nested exception is com.fasterxml.jackson.databind.exc.MismatchedInputException: Cannot deserialize value of type `com.TFI.ClinicaOdontologica.entidades.TurnoDTO` from Array value (token `JsonToken.START_ARRAY`)
 at [Source: (org.springframework.util.StreamUtils$NonClosingInputStream); line: 1, column: 1]
[2022-07-08 21:36:59] [ ERROR] [GlobalExceptionHandler:17] Cannot deserialize value of type `java.util.Date` from String "2022-05-22 T 03:00:00.000+0000": not a valid representation (error: Failed to parse Date value '2022-05-22 T 03:00:00.000+0000': Cannot parse date "2022-05-22 T 03:00:00.000+0000": while it seems to fit format 'yyyy-MM-dd'T'HH:mm:ss.SSSX', parsing fails (leniency? null))
 at [Source: UNKNOWN; byte offset: #UNKNOWN] (through reference chain: com.TFI.ClinicaOdontologica.entidades.PacienteDTO["fechaDelAlta"])
[2022-07-08 21:37:44] [ ERROR] [GlobalExceptionHandler:17] Cannot deserialize value of type `java.util.Date` from String "2022-05-22 T 03:00:00.000+0000": not a valid representation (error: Failed to parse Date value '2022-05-22 T 03:00:00.000+0000': Cannot parse date "2022-05-22 T 03:00:00.000+0000": while it seems to fit format 'yyyy-MM-dd'T'HH:mm:ss.SSSX', parsing fails (leniency? null))
 at [Source: UNKNOWN; byte offset: #UNKNOWN] (through reference chain: com.TFI.ClinicaOdontologica.entidades.PacienteDTO["fechaDelAlta"])
[2022-07-08 21:37:46] [ ERROR] [GlobalExceptionHandler:17] Cannot deserialize value of type `java.util.Date` from String "2022-05-22 T 03:00:00.000+0000": not a valid representation (error: Failed to parse Date value '2022-05-22 T 03:00:00.000+0000': Cannot parse date "2022-05-22 T 03:00:00.000+0000": while it seems to fit format 'yyyy-MM-dd'T'HH:mm:ss.SSSX', parsing fails (leniency? null))
 at [Source: UNKNOWN; byte offset: #UNKNOWN] (through reference chain: com.TFI.ClinicaOdontologica.entidades.PacienteDTO["fechaDelAlta"])
[2022-07-08 21:37:52] [ ERROR] [GlobalExceptionHandler:17] Cannot deserialize value of type `java.util.Date` from String "2022-05-22 T 03:00:00.000+0000": not a valid representation (error: Failed to parse Date value '2022-05-22 T 03:00:00.000+0000': Cannot parse date "2022-05-22 T 03:00:00.000+0000": while it seems to fit format 'yyyy-MM-dd'T'HH:mm:ss.SSSX', parsing fails (leniency? null))
 at [Source: UNKNOWN; byte offset: #UNKNOWN] (through reference chain: com.TFI.ClinicaOdontologica.entidades.PacienteDTO["fechaDelAlta"])
[2022-07-08 21:38:02] [ ERROR] [GlobalExceptionHandler:17] Cannot deserialize value of type `java.util.Date` from String "2022-05-22 T 03:00:00.000+0000": not a valid representation (error: Failed to parse Date value '2022-05-22 T 03:00:00.000+0000': Cannot parse date "2022-05-22 T 03:00:00.000+0000": while it seems to fit format 'yyyy-MM-dd'T'HH:mm:ss.SSSX', parsing fails (leniency? null))
 at [Source: UNKNOWN; byte offset: #UNKNOWN] (through reference chain: com.TFI.ClinicaOdontologica.entidades.PacienteDTO["fechaDelAlta"])
